MPASM 5.77                         FIRST.ASM   4-12-2019  13:16:20         PAGE  1


LOC  OBJECT CODE     LINE SOURCE TEXT
  VALUE

                      00001 ;* * * * * * * * * * * * * * * * * * * * * * * * * * * * * * * * * *
                      00002 ;*              MODIFICAÇÕES PARA USO COM 12F675                   *
                      00003 ;*                FEITAS PELO PROF. MARDSON                        *
                      00004 ;*                    FEVEREIRO DE 2016                            *
                      00005 ;* * * * * * * * * * * * * * * * * * * * * * * * * * * * * * * * * *
                      00006 
                      00007 ;* * * * * * * * * * * * * * * * * * * * * * * * * * * * * * * * * *
                      00008 ;*                       NOME DO PROJETO                           *
                      00009 ;*                           CLIENTE                               *
                      00010 ;*         DESENVOLVIDO PELA MOSAICO ENGENHARIA E CONSULTORIA      *
                      00011 ;*   VERSÃO: 1.0                           DATA: 17/06/03          *
                      00012 ;* * * * * * * * * * * * * * * * * * * * * * * * * * * * * * * * * *
                      00013 ;*                     DESCRIÇÃO DO ARQUIVO                        *
                      00014 ;*-----------------------------------------------------------------*
                      00015 ;*   MODELO PARA O PIC 12F675                                      *
                      00016 ;*                                                                 *
                      00017 ;*                                                                 *
                      00018 ;* * * * * * * * * * * * * * * * * * * * * * * * * * * * * * * * * *
                      00019 
                      00020 ;* * * * * * * * * * * * * * * * * * * * * * * * * * * * * * * * * *
                      00021 ;*                     ARQUIVOS DE DEFINIÇÕES                      *
                      00022 ;* * * * * * * * * * * * * * * * * * * * * * * * * * * * * * * * * *
                      00023 #INCLUDE <p12f675.inc>  ;ARQUIVO PADRÃO MICROCHIP PARA 12F675
                      00001         LIST
                      00002 
                      00003 ;==========================================================================
                      00004 ; Build date : Nov 22 2017
                      00005 ;  MPASM PIC12F675 processor include
                      00006 ; 
                      00007 ;  (c) Copyright 1999-2017 Microchip Technology, All rights reserved
                      00008 ;==========================================================================
                      00009 
                      00367         LIST
                      00024 
2007   3F8C           00025         __CONFIG _BODEN_OFF & _CP_OFF & _PWRTE_ON & _WDT_ON & _MCLRE_OFF & _INTRC_OSC_NOCLKOUT
                      00026 
                      00027 ;* * * * * * * * * * * * * * * * * * * * * * * * * * * * * * * * * *
                      00028 ;*                    PAGINAÇÃO DE MEMÓRIA                         *
                      00029 ;* * * * * * * * * * * * * * * * * * * * * * * * * * * * * * * * * *
                      00030 ;DEFINIÇÃO DE COMANDOS DE USUÁRIO PARA ALTERAÇÃO DA PÁGINA DE MEMÓRIA
                      00031 #DEFINE BANK0   BCF STATUS,RP0  ;SETA BANK 0 DE MEMÓRIA
                      00032 #DEFINE BANK1   BSF STATUS,RP0  ;SETA BANK 1 DE MAMÓRIA
                      00033 
                      00034 ;* * * * * * * * * * * * * * * * * * * * * * * * * * * * * * * * * *
                      00035 ;*                         VARIÁVEIS                               *
                      00036 ;* * * * * * * * * * * * * * * * * * * * * * * * * * * * * * * * * *
                      00037 ; DEFINIÇÃO DOS NOMES E ENDEREÇOS DE TODAS AS VARIÁVEIS UTILIZADAS 
                      00038 ; PELO SISTEMA
                      00039 
                      00040         CBLOCK  0x20    ;ENDEREÇO INICIAL DA MEMÓRIA DE
                      00041                                         ;USUÁRIO
  00000020            00042                 W_TEMP          ;REGISTRADORES TEMPORÁRIOS PARA USO
  00000021            00043                 STATUS_TEMP     ;JUNTO ÀS INTERRUPÇÕES
MPASM 5.77                         FIRST.ASM   4-12-2019  13:16:20         PAGE  2


LOC  OBJECT CODE     LINE SOURCE TEXT
  VALUE

  00000022            00044                 D1              ;VARIAVEL PARA ENVIO
  00000023            00045                 D2
  00000024            00046                 DHTBITCOUNT
  00000025            00047                 DHTBYCOUNT
  00000026            00048                 DHTBYTE
                      00049 
                      00050                 ;NOVAS VARIÁVEIS
                      00051 
                      00052         ENDC                    ;FIM DO BLOCO DE MEMÓRIA
                      00053 ;* * * * * * * * * * * * * * * * * * * * * * * * * * * * * * * * * *
                      00054 ;*                        FLAGS INTERNOS                           *
                      00055 ;* * * * * * * * * * * * * * * * * * * * * * * * * * * * * * * * * *
                      00056 ; DEFINIÇÃO DE TODOS OS FLAGS UTILIZADOS PELO SISTEMA
                      00057 
                      00058 ;* * * * * * * * * * * * * * * * * * * * * * * * * * * * * * * * * *
                      00059 ;*                         CONSTANTES                              *
                      00060 ;* * * * * * * * * * * * * * * * * * * * * * * * * * * * * * * * * *
                      00061 ; DEFINIÇÃO DE TODAS AS CONSTANTES UTILIZADAS PELO SISTEMA
                      00062 
                      00063 ;* * * * * * * * * * * * * * * * * * * * * * * * * * * * * * * * * *
                      00064 ;*                           ENTRADAS                              *
                      00065 ;* * * * * * * * * * * * * * * * * * * * * * * * * * * * * * * * * *
                      00066 ; DEFINIÇÃO DE TODOS OS PINOS QUE SERÃO UTILIZADOS COMO ENTRADA
                      00067 ; RECOMENDAMOS TAMBÉM COMENTAR O SIGNIFICADO DE SEUS ESTADOS (0 E 1)
                      00068 
                      00069 #DEFINE DHT11   GPIO, 2     ;DEFININDO A PORTA DO SENSOR DE TEMPERATURA E UMIDADE 
                      00070 #DEFINE DHT11_T TRISIO, 2           ;DEFININDO A PORTA DO SENSOR DE TEMPERATURA E UMIDADE
                      00071 ;* * * * * * * * * * * * * * * * * * * * * * * * * * * * * * * * * *
                      00072 ;*                           SAÍDAS                                *
                      00073 ;* * * * * * * * * * * * * * * * * * * * * * * * * * * * * * * * * *
                      00074 ; DEFINIÇÃO DE TODOS OS PINOS QUE SERÃO UTILIZADOS COMO SAÍDA
                      00075 ; RECOMENDAMOS TAMBÉM COMENTAR O SIGNIFICADO DE SEUS ESTADOS (0 E 1)
                      00076 
                      00077 ;* * * * * * * * * * * * * * * * * * * * * * * * * * * * * * * * * *
                      00078 ;*                       VETOR DE RESET                            *
                      00079 ;* * * * * * * * * * * * * * * * * * * * * * * * * * * * * * * * * *
                      00080 
                      00081         ORG     0x00                    ;ENDEREÇO INICIAL DE PROCESSAMENTO
0000   2???           00082         GOTO    INICIO
                      00083         
                      00084 ;* * * * * * * * * * * * * * * * * * * * * * * * * * * * * * * * * *
                      00085 ;*                    INÍCIO DA INTERRUPÇÃO                        *
                      00086 ;* * * * * * * * * * * * * * * * * * * * * * * * * * * * * * * * * *
                      00087 ; ENDEREÇO DE DESVIO DAS INTERRUPÇÕES. A PRIMEIRA TAREFA É SALVAR OS
                      00088 ; VALORES DE "W" E "STATUS" PARA RECUPERAÇÃO FUTURA
                      00089 
                      00090         ORG     0x04                    ;ENDEREÇO INICIAL DA INTERRUPÇÃO
0004   00A0           00091         MOVWF   W_TEMP          ;COPIA W PARA W_TEMP
0005   0E03           00092         SWAPF   STATUS,W
0006   00A1           00093         MOVWF   STATUS_TEMP     ;COPIA STATUS PARA STATUS_TEMP
                      00094 
                      00095 ;* * * * * * * * * * * * * * * * * * * * * * * * * * * * * * * * * *
                      00096 ;*                    ROTINA DE INTERRUPÇÃO                        *
MPASM 5.77                         FIRST.ASM   4-12-2019  13:16:20         PAGE  3


LOC  OBJECT CODE     LINE SOURCE TEXT
  VALUE

                      00097 ;* * * * * * * * * * * * * * * * * * * * * * * * * * * * * * * * * *
                      00098 ; AQUI SERÁ ESCRITA AS ROTINAS DE RECONHECIMENTO E TRATAMENTO DAS
                      00099 ; INTERRUPÇÕES
                      00100 
                      00101 ;* * * * * * * * * * * * * * * * * * * * * * * * * * * * * * * * * *
                      00102 ;*                 ROTINA DE SAÍDA DA INTERRUPÇÃO                  *
                      00103 ;* * * * * * * * * * * * * * * * * * * * * * * * * * * * * * * * * *
                      00104 ; OS VALORES DE "W" E "STATUS" DEVEM SER RECUPERADOS ANTES DE 
                      00105 ; RETORNAR DA INTERRUPÇÃO
                      00106 
0007                  00107 SAI_INT
0007   0E21           00108         SWAPF   STATUS_TEMP,W
0008   0083           00109         MOVWF   STATUS          ;MOVE STATUS_TEMP PARA STATUS
0009   0EA0           00110         SWAPF   W_TEMP,F
000A   0E20           00111         SWAPF   W_TEMP,W        ;MOVE W_TEMP PARA W
000B   0009           00112         RETFIE
                      00113 
                      00114 ;* * * * * * * * * * * * * * * * * * * * * * * * * * * * * * * * * *
                      00115 ;*                       ROTINAS E SUBROTINAS                      *
                      00116 ;* * * * * * * * * * * * * * * * * * * * * * * * * * * * * * * * * *
                      00117 ; CADA ROTINA OU SUBROTINA DEVE POSSUIR A DESCRIÇÃO DE FUNCIONAMENTO
                      00118 ; E UM NOME COERENTE ÀS SUAS FUNÇÕES.
                      00119 
                      00120 
                      00121 
                      00122 ;* * * * * * * * * * * * * * * * * * * * * * * * * * * * * * * * * *
                      00123 ;*                     INICIO DO PROGRAMA                          *
                      00124 ;* * * * * * * * * * * * * * * * * * * * * * * * * * * * * * * * * *
                      00125         
000C                  00126 INICIO
000C   1683           00127         BANK1                           ;ALTERA PARA O BANCO 1
000D   3000           00128         MOVLW   B'00000000' ;CONFIGURA TODAS AS PORTAS DO GPIO (PINOS)
Message[302]: Register in operand not in bank 0.  Ensure that bank bits are correct.
000E   0085           00129         MOVWF   TRISIO          ;COMO SAÍDAS
Message[302]: Register in operand not in bank 0.  Ensure that bank bits are correct.
000F   019F           00130         CLRF    ANSEL           ;DEFINE PORTAS COMO Digital I/O
0010   3004           00131         MOVLW   B'00000100'
Message[302]: Register in operand not in bank 0.  Ensure that bank bits are correct.
0011   0081           00132         MOVWF   OPTION_REG      ;DEFINE OPÇÕES DE OPERAÇÃO
0012   3000           00133         MOVLW   B'00000000'
0013   008B           00134         MOVWF   INTCON          ;DEFINE OPÇÕES DE INTERRUPÇÕES
0014   1283           00135         BANK0                           ;RETORNA PARA O BANCO
0015   3007           00136         MOVLW   B'00000111'
0016   0099           00137         MOVWF   CMCON           ;DEFINE O MODO DE OPERAÇÃO DO COMPARADOR ANALÓGICO
                      00138 
                      00139 ;* * * * * * * * * * * * * * * * * * * * * * * * * * * * * * * * * *
                      00140 ;*                     INICIALIZAÇÃO DAS VARIÁVEIS                 *
                      00141 ;* * * * * * * * * * * * * * * * * * * * * * * * * * * * * * * * * *
                      00142 
                      00143 ;* * * * * * * * * * * * * * * * * * * * * * * * * * * * * * * * * *
                      00144 ;*                     ROTINA PRINCIPAL                            *
                      00145 ;* * * * * * * * * * * * * * * * * * * * * * * * * * * * * * * * * *
0017                  00146 MAIN
MPASM 5.77                         FIRST.ASM   4-12-2019  13:16:20         PAGE  4


LOC  OBJECT CODE     LINE SOURCE TEXT
  VALUE

                      00147 
Warning[207]: Found label after column 1. (MODULO_DHT11)
0017                  00148         MODULO_DHT11
0017   0000           00149         NOP
                      00150         ;CALL   DELAY1SEC                       
                      00151         ;CALL   DELAY1SEC
                      00152 
0018   3004           00153         MOVLW   0x04            ; contar o tempo 
0019   00A5           00154         MOVWF   DHTBYCOUNT
                      00155         
                      00156         
001A   138B           00157         BCF     INTCON, GIE             ; desabilita as interrupções 
                      00158 
Message[302]: Register in operand not in bank 0.  Ensure that bank bits are correct.
001B   1105           00159                 BCF     DHT11_T 
001C   1105           00160                 BCF     DHT11           ;off por 18ms   - ao fim dos 18MS inicia o sinal    
001D   2???           00161                 CALL    DELAY18MS       ; SW = 18.02ms 
001E   1505           00162                 BSF     DHT11           ; liga a porta 
001F   0000           00163                 NOP                     
0020   0000           00164                 NOP                         
                      00165                 
Message[302]: Register in operand not in bank 0.  Ensure that bank bits are correct.
0021   1505           00166                 BSF             DHT11_T         ;transforma em entrada
0022   1105           00167                 BCF             DHT11
                      00168                 
0023   3008           00169                 MOVLW   0x08            ; Delay de 40us - PROCURE RESPOSTA DHT LOW DENTRO DE 40US
0024   00A2           00170                 MOVWF   D1              ; SW = 49us
0025                  00171 DHT40   
0025   1D05           00172                 BTFSS   DHT11           ; linha deve ir LOW dentro de 40us      
0026   2???           00173                 GOTO    DHT80L
0027   0BA2           00174                 DECFSZ  D1, F
0028   2???           00175                 GOTO    DHT40
0029   2???           00176                 GOTO    DHTERROR        ; tempo estourado
                      00177                 
                      00178                 
002A                  00179 DHT80L  
002A   2???           00180                 CALL    DELAY40US       ; delay para 40us - DHT HIGH depois 80us
002B   3008           00181                 MOVLW   0x08
002C   00A2           00182                 MOVWF   D1              ; SW = 49us   - Verifica
002D                  00183 DHT40L
002D   1905           00184                 BTFSC   DHT11           ; ENTÃO TENSTA A SUBIDA high NOS 40us   
002E   2???           00185                 GOTO    DHT80H
002F   0BA2           00186                 decfsz  D1, F
0030   2???           00187                 GOTO    DHT40L
0031   2???           00188                 GOTO    DHTERROR        ; TEMPO ESTOURADO
                      00189                 
0032                  00190 DHT80H
0032   2???           00191                 CALL    DELAY40US       ; delay para 40us - DHT vai para LOW depois 80us
0033   3008           00192                 MOVLW   0x08
0034   00A2           00193                 MOVWF   D1              ; SW = 49us verifica subida
0035                  00194 DHT40H  
0035   1D05           00195                 BTFSS   DHT11           ; verifica a descida depois dos 40us  - tempo total de 80us     
0036   2???           00196                 GOTO    DHTDATA         ; DTH   primeiro dado 50us LOW detectado (coleta os stream de da
MPASM 5.77                         FIRST.ASM   4-12-2019  13:16:20         PAGE  5


LOC  OBJECT CODE     LINE SOURCE TEXT
  VALUE

                            dos) 
0037   0BA2           00197                 DECFSZ  D1, F
0038   2???           00198                 GOTO    DHT40H
0039   2???           00199                 GOTO    DHTERROR        ; tempo estourado
                      00200                 
003A                  00201 DHTDATA                                 ; Lopp do Stream de Dados
003A   3008           00202                 MOVLW   0x08            
003B   00A4           00203                 MOVWF   DHTBITCOUNT
                      00204                 
003C                  00205 DHTDATA_BYTELOOP
003C   300A           00206                 MOVLW   0x0A            ; Delay de 50us
003D   00A2           00207                 MOVWF   D1              ; SW = 62us
                      00208                 
003E                  00209 DHT50H
003E   1905           00210                 BTFSC   DHT11           ; verifica se subiu nos proximo 50us  
003F   2???           00211                 GOTO    DHTDH
0040   0BA2           00212                 DECFSZ  D1, F
0041   2???           00213                 GOTO    DHT50H
0042   2???           00214                 GOTO    DHTERROR        ; tempo estourado
                      00215                 
0043   3006           00216 DHTDH           MOVLW   0x06            ; delay 27us    - Houve troca entre a subida e a decida ?       
                                            
0044   00A2           00217                 MOVWF   D1              ; SW = 37us                                             
                      00218                                                                                                         
                                            
0045                  00219 DHTDHZ  
0045   1D05           00220                 BTFSS   DHT11           ; Verifica se houve descida nos 30us  
0046   2???           00221                 GOTO    DHTZERO         ; Espera que nos 35us venha zeros 
0047   0BA2           00222                 DECFSZ  D1, F
0048   2???           00223                 GOTO    DHTDHZ
                      00224 
0049   3007           00225                 MOVLW   0x07            ;  Outro delay 40us - Espera que nos 70us venha 1
004A   00A2           00226                 MOVWF   D1              ; SW = 43us  tempo total em HIGH  37+43= 80us
                      00227                 
004B                  00228 DHTDH1  
004B   1D05           00229                 BTFSS   DHT11               ;  Verifica se houve descida nos 30us  
004C   2???           00230                 GOTO    DHTONE              ;  DADOS DESEJADOS DENTRO DE 35US ASSIM DEVE SER ZERO
004D   0BA2           00231                 DECFSZ  D1, F
004E   2???           00232                 GOTO    DHTDH1
004F   2???           00233                 GOTO    DHTERROR            ; tempo estourado
                      00234 
0050                  00235 DHTZERO
0050   1003           00236                 BCF     STATUS,C            ;  add zero to byte
0051   2???           00237                 GOTO    DHTADDBIT
0052                  00238 DHTONE  
0052   1403           00239                 BSF     STATUS,C            ; add um to byte
0053                  00240 DHTADDBIT
0053   0DA6           00241                 RLF     DHTBYTE,F
0054   03A4           00242                 DECF    DHTBITCOUNT,F
0055   2???           00243                 GOTO    DHTDATA_BYTELOOP
                      00244 
                      00245 
0056                  00246 DHTERROR        
MPASM 5.77                         FIRST.ASM   4-12-2019  13:16:20         PAGE  6


LOC  OBJECT CODE     LINE SOURCE TEXT
  VALUE

                      00247 
0056   178B           00248         BSF     INTCON, GIE         ; habilita Global Interrupts
                      00249         
0057   0008           00250         RETURN
                      00251         
                      00252 
0058                  00253 DELAY40US
0058   300B           00254                 MOVLW   0x0b
0059   00A2           00255                 MOVWF   D1      
005A                  00256 DLY40US         
005A   0BA2           00257                 DECFSZ  D1, F
005B   2???           00258                 GOTO    DLY40US
005C   0000           00259                 NOP
005D   0008           00260                 RETURN
                      00261 
                      00262 
                      00263 ; Delay = 0.018 seconds
                      00264 ; Clock frequency = 4 MHz
                      00265 
005E                  00266 DELAY18MS
005E   300F           00267         MOVLW   0x0F
005F   00A2           00268         MOVWF   D1
0060   300F           00269         MOVLW   0x0F
0061   00A3           00270         MOVWF   D2
0062                  00271 DELAY18L
0062   0BA2           00272         DECFSZ  D1, F
0063   2???           00273         GOTO    DLY182
0064   0BA3           00274         DECFSZ  D2, F
0065                  00275 DLY182  
0065   2???           00276         GOTO    DELAY18L
                      00277 
0066   0008           00278         RETURN
                      00279 
0067   2???           00280         GOTO MAIN
                      00281 
                      00282 ;* * * * * * * * * * * * * * * * * * * * * * * * * * * * * * * * * *
                      00283 ;*                       FIM DO PROGRAMA                           *
                      00284 ;* * * * * * * * * * * * * * * * * * * * * * * * * * * * * * * * * *
                      00285 
3F8C                  00286         END
MPASM 5.77                         FIRST.ASM   4-12-2019  13:16:20         PAGE  7


SYMBOL TABLE
  LABEL                             VALUE 

ADCON0                            0000001F
ADCS0                             00000004
ADCS1                             00000005
ADCS2                             00000006
ADFM                              00000007
ADIE                              00000006
ADIF                              00000006
ADON                              00000000
ADRESH                            0000001E
ADRESL                            0000009E
ANS0                              00000000
ANS1                              00000001
ANS2                              00000002
ANS3                              00000003
ANSEL                             0000009F
BANK0                             BCF STATUS,RP0
BANK1                             BSF STATUS,RP0
C                                 00000000
CAL0                              00000002
CAL1                              00000003
CAL2                              00000004
CAL3                              00000005
CAL4                              00000006
CAL5                              00000007
CHS0                              00000002
CHS1                              00000003
CINV                              00000004
CIS                               00000003
CM0                               00000000
CM1                               00000001
CM2                               00000002
CMCON                             00000019
CMIE                              00000003
CMIF                              00000003
COUT                              00000006
D1                                00000022
D2                                00000023
DC                                00000001
DELAY18L                          00000062
DELAY18MS                         0000005E
DELAY40US                         00000058
DHT11                             GPIO, 2
DHT11_T                           TRISIO, 2
DHT40                             00000025
DHT40H                            00000035
DHT40L                            0000002D
DHT50H                            0000003E
DHT80H                            00000032
DHT80L                            0000002A
DHTADDBIT                         00000053
DHTBITCOUNT                       00000024
DHTBYCOUNT                        00000025
DHTBYTE                           00000026
MPASM 5.77                         FIRST.ASM   4-12-2019  13:16:20         PAGE  8


SYMBOL TABLE
  LABEL                             VALUE 

DHTDATA                           0000003A
DHTDATA_BYTELOOP                  0000003C
DHTDH                             00000043
DHTDH1                            0000004B
DHTDHZ                            00000045
DHTERROR                          00000056
DHTONE                            00000052
DHTZERO                           00000050
DLY182                            00000065
DLY40US                           0000005A
EEADR                             0000009B
EECON1                            0000009C
EECON2                            0000009D
EEDAT                             0000009A
EEDATA                            0000009A
EEIE                              00000007
EEIF                              00000007
F                                 00000001
FSR                               00000004
GIE                               00000007
GO                                00000001
GO_DONE                           00000001
GO_NOT_DONE                       00000001
GP0                               00000000
GP1                               00000001
GP2                               00000002
GP3                               00000003
GP4                               00000004
GP5                               00000005
GPIE                              00000003
GPIF                              00000000
GPIO                              00000005
GPIO0                             00000000
GPIO1                             00000001
GPIO2                             00000002
GPIO3                             00000003
GPIO4                             00000004
GPIO5                             00000005
INDF                              00000000
INICIO                            0000000C
INTCON                            0000000B
INTE                              00000004
INTEDG                            00000006
INTF                              00000001
IOC                               00000096
IOC0                              00000000
IOC1                              00000001
IOC2                              00000002
IOC3                              00000003
IOC4                              00000004
IOC5                              00000005
IOCB                              00000096
IOCB0                             00000000
MPASM 5.77                         FIRST.ASM   4-12-2019  13:16:20         PAGE  9


SYMBOL TABLE
  LABEL                             VALUE 

IOCB1                             00000001
IOCB2                             00000002
IOCB3                             00000003
IOCB4                             00000004
IOCB5                             00000005
IRP                               00000007
MAIN                              00000017
MODULO_DHT11                      00000017
NOT_BOD                           00000000
NOT_BOR                           00000000
NOT_DONE                          00000001
NOT_GPPU                          00000007
NOT_PD                            00000003
NOT_POR                           00000001
NOT_T1SYNC                        00000002
NOT_TO                            00000004
OPTION_REG                        00000081
OSCCAL                            00000090
PCL                               00000002
PCLATH                            0000000A
PCON                              0000008E
PEIE                              00000006
PIE1                              0000008C
PIR1                              0000000C
PS0                               00000000
PS1                               00000001
PS2                               00000002
PSA                               00000003
RD                                00000000
RP0                               00000005
RP1                               00000006
SAI_INT                           00000007
STATUS                            00000003
STATUS_TEMP                       00000021
T0CS                              00000005
T0IE                              00000005
T0IF                              00000002
T0SE                              00000004
T1CKPS0                           00000004
T1CKPS1                           00000005
T1CON                             00000010
T1IE                              00000000
T1IF                              00000000
T1OSCEN                           00000003
TMR0                              00000001
TMR0IE                            00000005
TMR0IF                            00000002
TMR1                              0000000E
TMR1CS                            00000001
TMR1GE                            00000006
TMR1H                             0000000F
TMR1IE                            00000000
TMR1IF                            00000000
MPASM 5.77                         FIRST.ASM   4-12-2019  13:16:20         PAGE 10


SYMBOL TABLE
  LABEL                             VALUE 

TMR1L                             0000000E
TMR1ON                            00000000
TRISIO                            00000085
TRISIO0                           00000000
TRISIO1                           00000001
TRISIO2                           00000002
TRISIO3                           00000003
TRISIO4                           00000004
TRISIO5                           00000005
VCFG                              00000006
VR0                               00000000
VR1                               00000001
VR2                               00000002
VR3                               00000003
VRCON                             00000099
VREN                              00000007
VRR                               00000005
W                                 00000000
WPU                               00000095
WPU0                              00000000
WPU1                              00000001
WPU2                              00000002
WPU4                              00000004
WPU5                              00000005
WR                                00000001
WREN                              00000002
WRERR                             00000003
W_TEMP                            00000020
Z                                 00000002
_BODEN_OFF                        00003FBF
_BODEN_ON                         00003FFF
_BOREN_OFF                        00003FBF
_BOREN_ON                         00003FFF
_CONFIG                           00002007
_CPD_OFF                          00003FFF
_CPD_ON                           00003EFF
_CP_OFF                           00003FFF
_CP_ON                            00003F7F
_DEVID1                           00002006
_EC_OSC                           00003FFB
_EXTRC_OSC_CLKOUT                 00003FFF
_EXTRC_OSC_NOCLKOUT               00003FFE
_FOSC_EC                          00003FFB
_FOSC_EXTRCCLK                    00003FFF
_FOSC_EXTRCIO                     00003FFE
_FOSC_HS                          00003FFA
_FOSC_INTRCCLK                    00003FFD
_FOSC_INTRCIO                     00003FFC
_FOSC_LP                          00003FF8
_FOSC_XT                          00003FF9
_HS_OSC                           00003FFA
_IDLOC0                           00002000
_IDLOC1                           00002001
MPASM 5.77                         FIRST.ASM   4-12-2019  13:16:20         PAGE 11


SYMBOL TABLE
  LABEL                             VALUE 

_IDLOC2                           00002002
_IDLOC3                           00002003
_INTRC_OSC_CLKOUT                 00003FFD
_INTRC_OSC_NOCLKOUT               00003FFC
_LP_OSC                           00003FF8
_MCLRE_OFF                        00003FDF
_MCLRE_ON                         00003FFF
_PWRTE_OFF                        00003FFF
_PWRTE_ON                         00003FEF
_WDTE_OFF                         00003FF7
_WDTE_ON                          00003FFF
_WDT_OFF                          00003FF7
_WDT_ON                           00003FFF
_XT_OSC                           00003FF9
__12F675                          00000001
__DEBUG                           
__MPLAB_DEBUGGER_SIMULATOR        1

Errors   :     0
Warnings :     1 reported,     0 suppressed
Messages :     5 reported,     0 suppressed

