MPASM 5.77                     CONVERSOR.ASM   3-29-2019  12:36:05         PAGE  1


LOC  OBJECT CODE     LINE SOURCE TEXT
  VALUE

                      00001 ;* * * * * * * * * * * * * * * * * * * * * * * * * * * * * * * * * *
                      00002 ;*              MODIFICAÇÕES PARA USO COM 12F675                   *
                      00003 ;*                FEITAS PELO PROF. MARDSON                        *
                      00004 ;*                    FEVEREIRO DE 2016                            *
                      00005 ;* * * * * * * * * * * * * * * * * * * * * * * * * * * * * * * * * *
                      00006 
                      00007 ;* * * * * * * * * * * * * * * * * * * * * * * * * * * * * * * * * *
                      00008 ;*                       NOME DO PROJETO                           *
                      00009 ;*                           CLIENTE                               *
                      00010 ;*         DESENVOLVIDO PELA MOSAICO ENGENHARIA E CONSULTORIA      *
                      00011 ;*   VERSÃO: 1.0                           DATA: 17/06/03          *
                      00012 ;* * * * * * * * * * * * * * * * * * * * * * * * * * * * * * * * * *
                      00013 ;*                     DESCRIÇÃO DO ARQUIVO                        *
                      00014 ;*-----------------------------------------------------------------*
                      00015 ;*   MODELO PARA O PIC 12F675                                      *
                      00016 ;*                                                                 *
                      00017 ;*                                                                 *
                      00018 ;* * * * * * * * * * * * * * * * * * * * * * * * * * * * * * * * * *
                      00019 
                      00020 ;* * * * * * * * * * * * * * * * * * * * * * * * * * * * * * * * * *
                      00021 ;*                     ARQUIVOS DE DEFINIÇÕES                      *
                      00022 ;* * * * * * * * * * * * * * * * * * * * * * * * * * * * * * * * * *
                      00023 #INCLUDE <p12f675.inc>  ;ARQUIVO PADRÃO MICROCHIP PARA 12F675
                      00001         LIST
                      00002 
                      00003 ;==========================================================================
                      00004 ; Build date : Nov 22 2017
                      00005 ;  MPASM PIC12F675 processor include
                      00006 ; 
                      00007 ;  (c) Copyright 1999-2017 Microchip Technology, All rights reserved
                      00008 ;==========================================================================
                      00009 
                      00367         LIST
                      00024 
2007   3FA4           00025         __CONFIG _BODEN_OFF & _CP_OFF & _PWRTE_ON & _WDT_OFF & _MCLRE_ON & _INTRC_OSC_NOCLKOUT
                      00026 
                      00027 ;* * * * * * * * * * * * * * * * * * * * * * * * * * * * * * * * * *
                      00028 ;*                    PAGINAÇÃO DE MEMÓRIA                         *
                      00029 ;* * * * * * * * * * * * * * * * * * * * * * * * * * * * * * * * * *
                      00030 ;DEFINIÇÃO DE COMANDOS DE USUÁRIO PARA ALTERAÇÃO DA PÁGINA DE MEMÓRIA
                      00031 #DEFINE BANK0   BCF STATUS,RP0  ;SETA BANK 0 DE MEMÓRIA
                      00032 #DEFINE BANK1   BSF STATUS,RP0  ;SETA BANK 1 DE MAMÓRIA
                      00033 
                      00034 ;* * * * * * * * * * * * * * * * * * * * * * * * * * * * * * * * * *
                      00035 ;*                         VARIÁVEIS                               *
                      00036 ;* * * * * * * * * * * * * * * * * * * * * * * * * * * * * * * * * *
                      00037 ; DEFINIÇÃO DOS NOMES E ENDEREÇOS DE TODAS AS VARIÁVEIS UTILIZADAS 
                      00038 ; PELO SISTEMA
                      00039 
                      00040         CBLOCK  0x20    ;ENDEREÇO INICIAL DA MEMÓRIA DE
                      00041                                         ;USUÁRIO
  00000020            00042                 W_TEMP          ;REGISTRADORES TEMPORÁRIOS PARA USO
  00000021            00043                 STATUS_TEMP     ;JUNTO ÀS INTERRUPÇÕES
MPASM 5.77                     CONVERSOR.ASM   3-29-2019  12:36:05         PAGE  2


LOC  OBJECT CODE     LINE SOURCE TEXT
  VALUE

  00000022            00044                 AD_CON
  00000023            00045                 CONT
  00000024            00046                 CONT1
  00000025            00047                 AUX
  00000026            00048                 RCONT   ;VARIAVEL DE CONTAGEM 
  00000027            00049                 ADDR    ;VARIAVEL PARA DATA RECEBIDO
                      00050                 
                      00051                 ;NOVAS VARIÁVEIS
                      00052 
                      00053         ENDC                    ;FIM DO BLOCO DE MEMÓRIA
                      00054 ;* * * * * * * * * * * * * * * * * * * * * * * * * * * * * * * * * *
                      00055 ;*                        FLAGS INTERNOS                           *
                      00056 ;* * * * * * * * * * * * * * * * * * * * * * * * * * * * * * * * * *
                      00057 ; DEFINIÇÃO DE TODOS OS FLAGS UTILIZADOS PELO SISTEMA
                      00058 
                      00059 ;* * * * * * * * * * * * * * * * * * * * * * * * * * * * * * * * * *
                      00060 ;*                         CONSTANTES                              *
                      00061 ;* * * * * * * * * * * * * * * * * * * * * * * * * * * * * * * * * *
                      00062 ; DEFINIÇÃO DE TODAS AS CONSTANTES UTILIZADAS PELO SISTEMA
                      00063 #DEFINE ENDERECO H'03'  ;ENDEREÇO DO SLAVE
                      00064 ;* * * * * * * * * * * * * * * * * * * * * * * * * * * * * * * * * *
                      00065 ;*                           ENTRADAS                              *
                      00066 ;* * * * * * * * * * * * * * * * * * * * * * * * * * * * * * * * * *
                      00067 ; DEFINIÇÃO DE TODOS OS PINOS QUE SERÃO UTILIZADOS COMO ENTRADA
                      00068 ; RECOMENDAMOS TAMBÉM COMENTAR O SIGNIFICADO DE SEUS ESTADOS (0 E 1)
                      00069         
                      00070 #DEFINE SCL GPIO,GP0    ;PORTA DO SCL
                      00071 #DEFINE SCL_IO TRISIO,0 ;BIT DE CONTROLE I/O DO SCL
                      00072 #DEFINE SDA GPIO,GP1    ;PORTA DO SDA
                      00073 #DEFINE SDA_IO TRISIO,1 ;BIT DE CONTROLE I/O DO SDA
                      00074 
                      00075 ;* * * * * * * * * * * * * * * * * * * * * * * * * * * * * * * * * *
                      00076 ;*                           SAÍDAS                                *
                      00077 ;* * * * * * * * * * * * * * * * * * * * * * * * * * * * * * * * * *
                      00078 ; DEFINIÇÃO DE TODOS OS PINOS QUE SERÃO UTILIZADOS COMO SAÍDA
                      00079 ; RECOMENDAMOS TAMBÉM COMENTAR O SIGNIFICADO DE SEUS ESTADOS (0 E 1)
                      00080 
                      00081 ;* * * * * * * * * * * * * * * * * * * * * * * * * * * * * * * * * *
                      00082 ;*                       VETOR DE RESET                            *
                      00083 ;* * * * * * * * * * * * * * * * * * * * * * * * * * * * * * * * * *
                      00084 
0000                  00085         ORG     0x00                    ;ENDEREÇO INICIAL DE PROCESSAMENTO
0000   2857           00086         GOTO    INICIO
                      00087         
                      00088 ;* * * * * * * * * * * * * * * * * * * * * * * * * * * * * * * * * *
                      00089 ;*                    INÍCIO DA INTERRUPÇÃO                        *
                      00090 ;* * * * * * * * * * * * * * * * * * * * * * * * * * * * * * * * * *
                      00091 ; ENDEREÇO DE DESVIO DAS INTERRUPÇÕES. A PRIMEIRA TAREFA É SALVAR OS
                      00092 ; VALORES DE "W" E "STATUS" PARA RECUPERAÇÃO FUTURA
                      00093 
0004                  00094         ORG     0x04                    ;ENDEREÇO INICIAL DA INTERRUPÇÃO
0004   00A0           00095         MOVWF   W_TEMP          ;COPIA W PARA W_TEMP
0005   0E03           00096         SWAPF   STATUS,W
MPASM 5.77                     CONVERSOR.ASM   3-29-2019  12:36:05         PAGE  3


LOC  OBJECT CODE     LINE SOURCE TEXT
  VALUE

0006   00A1           00097         MOVWF   STATUS_TEMP     ;COPIA STATUS PARA STATUS_TEMP
                      00098 
                      00099 ;* * * * * * * * * * * * * * * * * * * * * * * * * * * * * * * * * *
                      00100 ;*                    ROTINA DE INTERRUPÇÃO                        *
                      00101 ;* * * * * * * * * * * * * * * * * * * * * * * * * * * * * * * * * *
                      00102 ; AQUI SERÁ ESCRITA AS ROTINAS DE RECONHECIMENTO E TRATAMENTO DAS
                      00103 ; INTERRUPÇÕES
0007   1C0C           00104         BTFSS   PIR1, TMR1IF
0008   280F           00105         GOTO    SAI_INT
                      00106         
0009   0822           00107         MOVFW   AD_CON  ;MOSTRAR PORCENTAGEM NO DISPLAY
                      00108         ;CALL   SHOW_PRECENTAGE_DISPLAY
                      00109                 
000A   3050           00110         MOVLW   .80     ;RESETA TIMER
000B   008F           00111         MOVWF   TMR1H
000C   3038           00112         MOVLW   .56
000D   008E           00113         MOVWF   TMR1L
000E   100C           00114         BCF     PIR1, TMR1IF
                      00115 ;* * * * * * * * * * * * * * * * * * * * * * * * * * * * * * * * * *
                      00116 ;*                 ROTINA DE SAÍDA DA INTERRUPÇÃO                  *
                      00117 ;* * * * * * * * * * * * * * * * * * * * * * * * * * * * * * * * * *
                      00118 ; OS VALORES DE "W" E "STATUS" DEVEM SER RECUPERADOS ANTES DE 
                      00119 ; RETORNAR DA INTERRUPÇÃO
                      00120 
000F                  00121 SAI_INT
000F   0E21           00122         SWAPF   STATUS_TEMP,W
0010   0083           00123         MOVWF   STATUS          ;MOVE STATUS_TEMP PARA STATUS
0011   0EA0           00124         SWAPF   W_TEMP,F
0012   0E20           00125         SWAPF   W_TEMP,W        ;MOVE W_TEMP PARA W
0013   0009           00126         RETFIE
                      00127 
                      00128 ;* * * * * * * * * * * * * * * * * * * * * * * * * * * * * * * * * *
                      00129 ;*                       ROTINAS E SUBROTINAS                      *
                      00130 ;* * * * * * * * * * * * * * * * * * * * * * * * * * * * * * * * * *
                      00131 ; CADA ROTINA OU SUBROTINA DEVE POSSUIR A DESCRIÇÃO DE FUNCIONAMENTO
                      00132 ; E UM NOME COERENTE ÀS SUAS FUNÇÕES.
                      00133 
                      00134 ;CALCULA MÉDIA DO VALORES LIDOS /// SOMA(VALORES)/32
0014                  00135 MEAN
0014   01A4           00136         CLRF    CONT1
0015   1424           00137         BSF     CONT1,0
0016   01A5           00138         CLRF    AUX
0017   3036           00139         MOVLW   B'00110110'      
0018   0084           00140         MOVWF   FSR
0019   0800           00141         MOVFW   INDF    
                      00142         
001A                  00143 MEAN_INNER
Message[305]: Using default destination of 1 (file).
001A   0A84           00144         INCF    FSR
001B   0700           00145         ADDWF   INDF,W
001C   1803           00146         BTFSC   STATUS,C
Message[305]: Using default destination of 1 (file).
001D   0AA5           00147         INCF    AUX
MPASM 5.77                     CONVERSOR.ASM   3-29-2019  12:36:05         PAGE  4


LOC  OBJECT CODE     LINE SOURCE TEXT
  VALUE

Message[305]: Using default destination of 1 (file).
001E   0AA4           00148         INCF    CONT1       ;ADCIONA OS VALORES LIDOS AO WORK
001F   1EA4           00149         BTFSS   CONT1,5     ;USANDO A VARIAVEL AUX COMO PARTE ALTA
0020   281A           00150         GOTO    MEAN_INNER  
Message[305]: Using default destination of 1 (file).
0021   0A84           00151         INCF    FSR         
0022   0080           00152         MOVWF   INDF
                      00153         
Message[305]: Using default destination of 1 (file).
0023   0CA5           00154         RRF     AUX         ;DIVIDINDO SOMA POR 32 (5 ROTATES PARA DIREITA)
Message[305]: Using default destination of 1 (file).
0024   0C80           00155         RRF     INDF        ;COMO TEM BITS MAIS SIGNIFICATIVOS NA VAR AUX
                      00156                             ;USO O VALOR DO ROTATE RIGHT PARA PASSAR O BIT
Message[305]: Using default destination of 1 (file).
0025   0CA5           00157         RRF     AUX         ;MENOS SIGNIFICATIVO DA PARTE ALTA PARA O C
Message[305]: Using default destination of 1 (file).
0026   0C80           00158         RRF     INDF        ;E PASSA ESSE BIT PARA A PARTE MAIS SIGNIFICATIVA
                      00159                             ;DA PARTE BAIXA
Message[305]: Using default destination of 1 (file).
0027   0CA5           00160         RRF     AUX
Message[305]: Using default destination of 1 (file).
0028   0C80           00161         RRF     INDF
                      00162         
Message[305]: Using default destination of 1 (file).
0029   0CA5           00163         RRF     AUX
Message[305]: Using default destination of 1 (file).
002A   0C80           00164         RRF     INDF
                      00165         
Message[305]: Using default destination of 1 (file).
002B   0CA5           00166         RRF     AUX
Message[305]: Using default destination of 1 (file).
002C   0C80           00167         RRF     INDF
                      00168         
002D   0800           00169         MOVFW   INDF
002E   0008           00170         RETURN
                      00171         
Warning[207]: Found label after column 1. (DELAY_100US)
002F                  00172         DELAY_100US
002F   3028           00173         MOVLW   .40
0030   00A3           00174         MOVWF   CONT
                      00175 
0031   0000           00176         NOP
0032   0000           00177         NOP
0033   0BA3           00178         DECFSZ  CONT,F
0034   2831           00179         GOTO    $-3
                      00180                                 
0035   0008           00181         RETURN
0036                  00182 SEND_BYTE
0036   01A7           00183         CLRF    ADDR
0037   3008           00184         MOVLW   .8      
0038   00A6           00185         MOVWF   RCONT
0039                  00186 R_LOOP
0039   1885           00187         BTFSC   SDA         ;ESPERA BORDA DE SUBIDA DO SCL
MPASM 5.77                     CONVERSOR.ASM   3-29-2019  12:36:05         PAGE  5


LOC  OBJECT CODE     LINE SOURCE TEXT
  VALUE

003A   2839           00188         GOTO    $-1
003B   1C85           00189         BTFSS   SDA
003C   283B           00190         GOTO    $-1
003D   1403           00191         BSF     STATUS,C    ;LIMPA CARRY
003E   1805           00192         BTFSC   SCL         ;SE SDA ESTIVER ATIVO
003F   1403           00193         BSF     STATUS,C    ;SETA CARRY
Message[305]: Using default destination of 1 (file).
0040   0DA7           00194         RLF     ADDR        ;ROTACIONA CARRY PARA REGISTRADOR ADDR
Message[305]: Using default destination of 1 (file).
0041   0BA6           00195         DECFSZ  RCONT       ;REPERE POR 8 VEZES
0042   2839           00196         GOTO    R_LOOP
                      00197         
0043   0008           00198         RETURN
                      00199         
0044                  00200 ACK
0044   1805           00201         BTFSC   SCL         ;ESPERA CLOCK ESTAR EM LOW  
0045   2844           00202         GOTO    $-1
0046   1683           00203         BANK1
Message[302]: Register in operand not in bank 0.  Ensure that bank bits are correct.
0047   1085           00204         BCF     SDA_IO      ;MUDA PORTA DO SDA PARA SAÍDA
0048   1283           00205         BANK0
0049   1085           00206         BCF     SDA         ;MANDA ACK, I.E SDA EM LOW
                      00207         
004A   1805           00208         BTFSC   SCL         
004B   284A           00209         GOTO    $-1
004C   1C05           00210         BTFSS   SCL         ;ESPERA CLOCK IR PARA 1, I.E MASTER IRÁ LER ACK BIT
004D   284C           00211         GOTO    $-1
                      00212         
004E   1805           00213         BTFSC   SCL         ;ESPERA CLOCK IR PARA ZERO
004F   284E           00214         GOTO    $-1
                      00215         
0050   1005           00216         BCF     SCL
0051   1683           00217         BANK1           
Message[302]: Register in operand not in bank 0.  Ensure that bank bits are correct.
0052   1005           00218         BCF     SCL_IO      ;MUDA PORTA DO SCL PARA SAÍDA
Message[302]: Register in operand not in bank 0.  Ensure that bank bits are correct.
0053   1485           00219         BSF     SDA_IO      ;LIBERA SDA
0054   1283           00220         BANK0
0055   1005           00221         BCF     SCL         ;JOGA CLOCK PARA LOW, MASTER ESPERAR
                      00222 
                      00223         
0056   0008           00224         RETURN
                      00225         
                      00226 ;* * * * * * * * * * * * * * * * * * * * * * * * * * * * * * * * * *
                      00227 ;*                     INICIO DO PROGRAMA                          *
                      00228 ;* * * * * * * * * * * * * * * * * * * * * * * * * * * * * * * * * *
                      00229         
0057                  00230 INICIO
0057   1683           00231         BANK1                   ;ALTERA PARA O BANCO 1
0058   3007           00232         MOVLW   B'00000111'     ;CONFIGURA TODAS AS PORTAS DO GPIO (PINOS)
Message[302]: Register in operand not in bank 0.  Ensure that bank bits are correct.
0059   0085           00233         MOVWF   TRISIO          ;COMO SAÍDAS, MAS GP2 COMO ENTRADA
005A   3024           00234         MOVLW   B'00100100'
MPASM 5.77                     CONVERSOR.ASM   3-29-2019  12:36:05         PAGE  6


LOC  OBJECT CODE     LINE SOURCE TEXT
  VALUE

Message[302]: Register in operand not in bank 0.  Ensure that bank bits are correct.
005B   009F           00235         MOVWF   ANSEL           ;DEFINE PORTAS COMO Digital I/O
005C   3004           00236         MOVLW   B'00000100'
Message[302]: Register in operand not in bank 0.  Ensure that bank bits are correct.
005D   0081           00237         MOVWF   OPTION_REG      ;DEFINE OPÇÕES DE OPERAÇÃO
005E   3040           00238         MOVLW   B'01000000'
005F   008B           00239         MOVWF   INTCON          ;HABILITA INTERRUPÇÃO E INT DE PERTIFERICOS
0060   3001           00240         MOVLW   B'00000001'
Message[302]: Register in operand not in bank 0.  Ensure that bank bits are correct.
0061   008C           00241         MOVWF   PIE1            ;HABILITA INTERRUPÇÃO DO TMR1
                      00242         
0062   1283           00243         BANK0                   ;RETORNA PARA O BANCO
0063   3020           00244         MOVLW   B'00100000'     ;TMR1 PRESCALE 1:4
0064   0090           00245         MOVWF   T1CON
0065   3007           00246         MOVLW   B'00000111'
0066   0099           00247         MOVWF   CMCON           ;DEFINE O MODO DE OPERAÇÃO DO COMPARADOR ANALÓGICO
0067   3009           00248         MOVLW   B'00001001'
0068   009F           00249         MOVWF   ADCON0 
                      00250 
                      00251 ;* * * * * * * * * * * * * * * * * * * * * * * * * * * * * * * * * *
                      00252 ;*                     INICIALIZAÇÃO DAS VARIÁVEIS                 *
                      00253 ;* * * * * * * * * * * * * * * * * * * * * * * * * * * * * * * * * *
                      00254 
                      00255 ;* * * * * * * * * * * * * * * * * * * * * * * * * * * * * * * * * *
                      00256 ;*                     ROTINA PRINCIPAL                            *
                      00257 ;* * * * * * * * * * * * * * * * * * * * * * * * * * * * * * * * * *
0069                  00258 MAIN
                      00259 
0069   100C           00260         BCF     PIR1, TMR1IF        ;INICIALIZA TIMER
006A   178B           00261         BSF     INTCON, GIE
006B   303C           00262         MOVLW   B'00111100'
006C   008F           00263         MOVWF   TMR1H
006D   30B0           00264         MOVLW   B'10110000'
006E   008E           00265         MOVWF   TMR1L
006F   1410           00266         BSF     T1CON, TMR1ON
0070   0185           00267         CLRF    GPIO
                      00268         
                      00269         
0071   01A4           00270         CLRF    CONT1
0072   303C           00271         MOVLW   B'00111100'         ;VALORES PARA MEDIA ARMAZENADOS
0073   0084           00272         MOVWF   FSR                 ;NOS ADDRS 0X36 - 0X56
0074   149F           00273         BSF     ADCON0, 1 
0075                  00274 MAIN_INNER                          ;REPETIÇÃO DE LEITURA DO CANAL DE CONVERSÃO                     
0075   202F           00275         CALL    DELAY_100US
0076   189F           00276         BTFSC   ADCON0, 1           ;CHECA SE CONVERSÃO ACABOU
0077   2876           00277         GOTO    $-1
0078   149F           00278         BSF     ADCON0, 1 
0079   081E           00279         MOVFW   ADRESH      ;SE ACABOU, MOVERÁ PARA A POSIÇÃO DE MEMORIA
007A   0080           00280         MOVWF   INDF        ;INDIRETA ATUAL E PASSARÁ PARA O PROX ADDR
Message[305]: Using default destination of 1 (file).
007B   0A84           00281         INCF    FSR
Message[305]: Using default destination of 1 (file).
007C   0AA4           00282         INCF    CONT1
MPASM 5.77                     CONVERSOR.ASM   3-29-2019  12:36:05         PAGE  7


LOC  OBJECT CODE     LINE SOURCE TEXT
  VALUE

007D   1EA4           00283         BTFSS   CONT1,5     ;CASO A CONTAGEM DE 32 AMOSTRA ACABAR
007E   2875           00284         GOTO    MAIN_INNER  ;ELE COMPUTA A MÉDIA
007F   2014           00285         CALL    MEAN        
0080   00A2           00286         MOVWF   AD_CON
                      00287         
0081                  00288 START_BIT
0081   1C85           00289         BTFSS   SDA
0082   2881           00290         GOTO    START_BIT       ;ESPERA START BIT
0083   1885           00291         BTFSC   SDA
0084   2883           00292         GOTO    $-1
0085   1C05           00293         BTFSS   SCL
0086   2881           00294         GOTO    START_BIT
                      00295                                 ;START BIT ACHADO
0087   2036           00296         CALL    SEND_BYTE       ;RECEBE BYTE MANDADO PELO MASTER
0088   1003           00297         BCF     STATUS,C        
Message[305]: Using default destination of 1 (file).
0089   0CA7           00298         RRF     ADDR
008A   3003           00299         MOVLW   ENDERECO        ;TESTA SE ENDEREÇO RECEBIDO É O DESIGNADO
008B   0227           00300         SUBWF   ADDR, W
008C   1903           00301         BTFSC   STATUS, Z
                      00302         
008D   2881           00303         GOTO    START_BIT   
                      00304 
                      00305 ;* * * * * * * * * * * * * * * * * * * * * * * * * * * * * * * * * *
                      00306 ;*                       FIM DO PROGRAMA                           *
                      00307 ;* * * * * * * * * * * * * * * * * * * * * * * * * * * * * * * * * *
                      00308 
                      00309         END
MPASM 5.77                     CONVERSOR.ASM   3-29-2019  12:36:05         PAGE  8


SYMBOL TABLE
  LABEL                             VALUE 

ACK                               00000044
ADCON0                            0000001F
ADCS0                             00000004
ADCS1                             00000005
ADCS2                             00000006
ADDR                              00000027
ADFM                              00000007
ADIE                              00000006
ADIF                              00000006
ADON                              00000000
ADRESH                            0000001E
ADRESL                            0000009E
AD_CON                            00000022
ANS0                              00000000
ANS1                              00000001
ANS2                              00000002
ANS3                              00000003
ANSEL                             0000009F
AUX                               00000025
BANK0                             BCF STATUS,RP0
BANK1                             BSF STATUS,RP0
C                                 00000000
CAL0                              00000002
CAL1                              00000003
CAL2                              00000004
CAL3                              00000005
CAL4                              00000006
CAL5                              00000007
CHS0                              00000002
CHS1                              00000003
CINV                              00000004
CIS                               00000003
CM0                               00000000
CM1                               00000001
CM2                               00000002
CMCON                             00000019
CMIE                              00000003
CMIF                              00000003
CONT                              00000023
CONT1                             00000024
COUT                              00000006
DC                                00000001
DELAY_100US                       0000002F
EEADR                             0000009B
EECON1                            0000009C
EECON2                            0000009D
EEDAT                             0000009A
EEDATA                            0000009A
EEIE                              00000007
EEIF                              00000007
ENDERECO                          H'03'
F                                 00000001
FSR                               00000004
MPASM 5.77                     CONVERSOR.ASM   3-29-2019  12:36:05         PAGE  9


SYMBOL TABLE
  LABEL                             VALUE 

GIE                               00000007
GO                                00000001
GO_DONE                           00000001
GO_NOT_DONE                       00000001
GP0                               00000000
GP1                               00000001
GP2                               00000002
GP3                               00000003
GP4                               00000004
GP5                               00000005
GPIE                              00000003
GPIF                              00000000
GPIO                              00000005
GPIO0                             00000000
GPIO1                             00000001
GPIO2                             00000002
GPIO3                             00000003
GPIO4                             00000004
GPIO5                             00000005
INDF                              00000000
INICIO                            00000057
INTCON                            0000000B
INTE                              00000004
INTEDG                            00000006
INTF                              00000001
IOC                               00000096
IOC0                              00000000
IOC1                              00000001
IOC2                              00000002
IOC3                              00000003
IOC4                              00000004
IOC5                              00000005
IOCB                              00000096
IOCB0                             00000000
IOCB1                             00000001
IOCB2                             00000002
IOCB3                             00000003
IOCB4                             00000004
IOCB5                             00000005
IRP                               00000007
MAIN                              00000069
MAIN_INNER                        00000075
MEAN                              00000014
MEAN_INNER                        0000001A
NOT_BOD                           00000000
NOT_BOR                           00000000
NOT_DONE                          00000001
NOT_GPPU                          00000007
NOT_PD                            00000003
NOT_POR                           00000001
NOT_T1SYNC                        00000002
NOT_TO                            00000004
OPTION_REG                        00000081
MPASM 5.77                     CONVERSOR.ASM   3-29-2019  12:36:05         PAGE 10


SYMBOL TABLE
  LABEL                             VALUE 

OSCCAL                            00000090
PCL                               00000002
PCLATH                            0000000A
PCON                              0000008E
PEIE                              00000006
PIE1                              0000008C
PIR1                              0000000C
PS0                               00000000
PS1                               00000001
PS2                               00000002
PSA                               00000003
RCONT                             00000026
RD                                00000000
RP0                               00000005
RP1                               00000006
R_LOOP                            00000039
SAI_INT                           0000000F
SCL                               GPIO,GP0
SCL_IO                            TRISIO,0
SDA                               GPIO,GP1
SDA_IO                            TRISIO,1
SEND_BYTE                         00000036
START_BIT                         00000081
STATUS                            00000003
STATUS_TEMP                       00000021
T0CS                              00000005
T0IE                              00000005
T0IF                              00000002
T0SE                              00000004
T1CKPS0                           00000004
T1CKPS1                           00000005
T1CON                             00000010
T1IE                              00000000
T1IF                              00000000
T1OSCEN                           00000003
TMR0                              00000001
TMR0IE                            00000005
TMR0IF                            00000002
TMR1                              0000000E
TMR1CS                            00000001
TMR1GE                            00000006
TMR1H                             0000000F
TMR1IE                            00000000
TMR1IF                            00000000
TMR1L                             0000000E
TMR1ON                            00000000
TRISIO                            00000085
TRISIO0                           00000000
TRISIO1                           00000001
TRISIO2                           00000002
TRISIO3                           00000003
TRISIO4                           00000004
TRISIO5                           00000005
MPASM 5.77                     CONVERSOR.ASM   3-29-2019  12:36:05         PAGE 11


SYMBOL TABLE
  LABEL                             VALUE 

VCFG                              00000006
VR0                               00000000
VR1                               00000001
VR2                               00000002
VR3                               00000003
VRCON                             00000099
VREN                              00000007
VRR                               00000005
W                                 00000000
WPU                               00000095
WPU0                              00000000
WPU1                              00000001
WPU2                              00000002
WPU4                              00000004
WPU5                              00000005
WR                                00000001
WREN                              00000002
WRERR                             00000003
W_TEMP                            00000020
Z                                 00000002
_BODEN_OFF                        00003FBF
_BODEN_ON                         00003FFF
_BOREN_OFF                        00003FBF
_BOREN_ON                         00003FFF
_CONFIG                           00002007
_CPD_OFF                          00003FFF
_CPD_ON                           00003EFF
_CP_OFF                           00003FFF
_CP_ON                            00003F7F
_DEVID1                           00002006
_EC_OSC                           00003FFB
_EXTRC_OSC_CLKOUT                 00003FFF
_EXTRC_OSC_NOCLKOUT               00003FFE
_FOSC_EC                          00003FFB
_FOSC_EXTRCCLK                    00003FFF
_FOSC_EXTRCIO                     00003FFE
_FOSC_HS                          00003FFA
_FOSC_INTRCCLK                    00003FFD
_FOSC_INTRCIO                     00003FFC
_FOSC_LP                          00003FF8
_FOSC_XT                          00003FF9
_HS_OSC                           00003FFA
_IDLOC0                           00002000
_IDLOC1                           00002001
_IDLOC2                           00002002
_IDLOC3                           00002003
_INTRC_OSC_CLKOUT                 00003FFD
_INTRC_OSC_NOCLKOUT               00003FFC
_LP_OSC                           00003FF8
_MCLRE_OFF                        00003FDF
_MCLRE_ON                         00003FFF
_PWRTE_OFF                        00003FFF
_PWRTE_ON                         00003FEF
MPASM 5.77                     CONVERSOR.ASM   3-29-2019  12:36:05         PAGE 12


SYMBOL TABLE
  LABEL                             VALUE 

_WDTE_OFF                         00003FF7
_WDTE_ON                          00003FFF
_WDT_OFF                          00003FF7
_WDT_ON                           00003FFF
_XT_OSC                           00003FF9
__12F675                          00000001
__DEBUG                           
__MPLAB_DEBUGGER_SIMULATOR        1


MEMORY USAGE MAP ('X' = Used,  '-' = Unused)

0000 : X---XXXXXXXXXXXX XXXXXXXXXXXXXXXX XXXXXXXXXXXXXXXX XXXXXXXXXXXXXXXX
0040 : XXXXXXXXXXXXXXXX XXXXXXXXXXXXXXXX XXXXXXXXXXXXXXXX XXXXXXXXXXXXXXXX
0080 : XXXXXXXXXXXXXX-- ---------------- ---------------- ----------------
2000 : -------X-------- ---------------- ---------------- ----------------

All other memory blocks unused.

Program Memory Words Used:   139
Program Memory Words Free:   885


Errors   :     0
Warnings :     1 reported,     0 suppressed
Messages :    26 reported,     0 suppressed

