MPASM 5.77                         DHT11.ASM   4-22-2019  8:42:42         PAGE  1


LOC  OBJECT CODE     LINE SOURCE TEXT
  VALUE

                      00001 ;ADAPTAÇÃO DO ARQUIVO 12F675 PARA O PÍC 16F628A
                      00002 
                      00003         
                      00004 ;ALUNO: FRANCISCO ERBERTO DE SOUSA
                      00005 ;PROFESSOR: MARDSON 
                      00006         
                      00007         
                      00008 ;* * * * * * * * * * * * * * * * * * * * * * * * * * * * * * * * * *
                      00009 ;*                     ARQUIVOS DE DEFINIÇÕES                      *
                      00010 ;* * * * * * * * * * * * * * * * * * * * * * * * * * * * * * * * * *
                      00011         #include <p16F628a.inc> ;ARQUIVO PADRÃO MICROCHIP PARA 12F675
                      00001         LIST
                      00002 
                      00003 ;==========================================================================
                      00004 ; Build date : Nov 22 2017
                      00005 ;  MPASM PIC16F628A processor include
                      00006 ; 
                      00007 ;  (c) Copyright 1999-2017 Microchip Technology, All rights reserved
                      00008 ;==========================================================================
                      00009 
                      00386         LIST
                      00012         
                      00013         
2007   3F21           00014         __CONFIG _XT_OSC & _WDT_OFF & _PWRTE_ON & _BOREN_OFF & _LVP_OFF & _CP_OFF & _CPD_OFF & _MCLRE_ON
                      00015 ;* * * * * * * * * * * * * * * * * * * * * * * * * * * * * * * * * *
                      00016 ;*                    PAGINAÇÃO DE MEMÓRIA                         *
                      00017 ;* * * * * * * * * * * * * * * * * * * * * * * * * * * * * * * * * *
                      00018 ;DEFINIÇÃO DE COMANDOS DE USUÁRIO PARA ALTERAÇÃO DA PÁGINA DE MEMÓRIA
                      00019 #DEFINE BANK0   BCF STATUS,RP0  ;SETA BANK 0 DE MEMÓRIA
                      00020 #DEFINE BANK1   BSF STATUS,RP0  ;SETA BANK 1 DE MAMÓRIA 
                      00021         
                      00022 ;* * * * * * * * * * * * * * * * * * * * * * * * * * * * * * * * * *
                      00023 ;*                         VARIÁVEIS                               *
                      00024 ;* * * * * * * * * * * * * * * * * * * * * * * * * * * * * * * * * *
                      00025 ; DEFINIÇÃO DOS NOMES E ENDEREÇOS DE TODAS AS VARIÁVEIS UTILIZADAS 
                      00026 ; PELO SISTEMA
                      00027         CBLOCK 0x0C         ;ENDEREÇO INICIAL DA MEMÓRIA DE USUÁRIO
  0000000C            00028             W_TEMP          ;REGISTRADORES TEMPORÁRIOS PARA USO 
  0000000D            00029             STATUS_TEMP     ;JUNTO ÀS INTERRUPÇÕES
                      00030             
                      00031             ;NOVAS VÁRIAVEIS
                      00032             
  0000000E            00033                 D1              ;VARIAVEL PARA ENVIO
  0000000F            00034                 D2
  00000010            00035                 DHTBITCOUNT
  00000011            00036                 DHTBYCOUNT
  00000012            00037                 DHTBYTE
                      00038 
                      00039             
                      00040         ENDC                ;FIM DO BLOCO DE MEMÓRIA 
                      00041         
                      00042 ;* * * * * * * * * * * * * * * * * * * * * * * * * * * * * * * * * *
                      00043 ;*                        FLAGS INTERNOS                           *
MPASM 5.77                         DHT11.ASM   4-22-2019  8:42:42         PAGE  2


LOC  OBJECT CODE     LINE SOURCE TEXT
  VALUE

                      00044 ;* * * * * * * * * * * * * * * * * * * * * * * * * * * * * * * * * *
                      00045 ; DEFINIÇÃO DE TODOS OS FLAGS UTILIZADOS PELO SISTEMA
                      00046 
                      00047         ;* * * * * * * * * * * * * * * * * * * * * * * * * * * * * * * * * *
                      00048 ;*                         CONSTANTES                              *
                      00049 ;* * * * * * * * * * * * * * * * * * * * * * * * * * * * * * * * * *
                      00050 ; DEFINIÇÃO DE TODAS AS CONSTANTES UTILIZADAS PELO SISTEMA
                      00051         
                      00052         
                      00053 ;* * * * * * * * * * * * * * * * * * * * * * * * * * * * * * * * * *
                      00054 ;*                           SAÍDAS                                *
                      00055 ;* * * * * * * * * * * * * * * * * * * * * * * * * * * * * * * * * *
                      00056 ; DEFINIÇÃO DE TODOS OS PINOS QUE SERÃO UTILIZADOS COMO SAÍDA
                      00057 ; RECOMENDAMOS TAMBÉM COMENTAR O SIGNIFICADO DE SEUS ESTADOS (0 E 1)
                      00058 
                      00059 
                      00060         
                      00061 ;* * * * * * * * * * * * * * * * * * * * * * * * * * * * * * * * * *
                      00062 ;*                           ENTRADAS                              *
                      00063 ;* * * * * * * * * * * * * * * * * * * * * * * * * * * * * * * * * *
                      00064 ; DEFINIÇÃO DE TODOS OS PINOS QUE SERÃO UTILIZADOS COMO ENTRADA
                      00065 ; RECOMENDAMOS TAMBÉM COMENTAR O SIGNIFICADO DE SEUS ESTADOS (0 E 1)
                      00066 #DEFINE DHT11   PORTA, 0            ;DEFININDO A PORTA DO SENSOR DE TEMPERATURA E UMIDADE 
                      00067 #DEFINE DHT11_T TRISA, 0            ;DEFININDO A PORTA DO SENSOR DE TEMPERATURA E UMIDADE
                      00068 
                      00069 ;* * * * * * * * * * * * * * * * * * * * * * * * * * * * * * * * * *
                      00070 ;*                       VETOR DE RESET                            *
                      00071 ;* * * * * * * * * * * * * * * * * * * * * * * * * * * * * * * * * *
                      00072 
                      00073         ORG     0x00                    ;ENDEREÇO INICIAL DE PROCESSAMENTO
0000   2???           00074         GOTO    INICIO
                      00075 
                      00076         ;* * * * * * * * * * * * * * * * * * * * * * * * * * * * * * * * * *
                      00077 ;*                    INÍCIO DA INTERRUPÇÃO                        *
                      00078 ;* * * * * * * * * * * * * * * * * * * * * * * * * * * * * * * * * *
                      00079 ; ENDEREÇO DE DESVIO DAS INTERRUPÇÕES. A PRIMEIRA TAREFA É SALVAR OS
                      00080 ; VALORES DE "W" E "STATUS" PARA RECUPERAÇÃO FUTURA
                      00081 
                      00082         ORG     0x04            ;ENDEREÇO INICIAL DA INTERRUPÇÃO
0004   008C           00083         MOVWF   W_TEMP          ;COPIA W PARA W_TEMP
0005   0E03           00084         SWAPF   STATUS,W
Warning[219]: Invalid RAM location specified.
0006   008D           00085         MOVWF   STATUS_TEMP     ;COPIA STATUS PARA STATUS_TEMP
                      00086 ;* * * * * * * * * * * * * * * * * * * * * * * * * * * * * * * * * *
                      00087 ;*                    ROTINA DE INTERRUPÇÃO                        *
                      00088 ;* * * * * * * * * * * * * * * * * * * * * * * * * * * * * * * * * *
                      00089 ; AQUI SERÁ ESCRITA AS ROTINAS DE RECONHECIMENTO E TRATAMENTO DAS
                      00090 ; INTERRUPÇÕES
                      00091         
                      00092 ;* * * * * * * * * * * * * * * * * * * * * * * * * * * * * * * * * *
                      00093 ;*                 ROTINA DE SAÍDA DA INTERRUPÇÃO                  *
                      00094 ;* * * * * * * * * * * * * * * * * * * * * * * * * * * * * * * * * *
                      00095 ; OS VALORES DE "W" E "STATUS" DEVEM SER RECUPERADOS ANTES DE 
MPASM 5.77                         DHT11.ASM   4-22-2019  8:42:42         PAGE  3


LOC  OBJECT CODE     LINE SOURCE TEXT
  VALUE

                      00096 ; RETORNAR DA INTERRUPÇÃO
                      00097 
0007                  00098 SAI_INT
Warning[219]: Invalid RAM location specified.
0007   0E0D           00099         SWAPF   STATUS_TEMP,W
0008   0083           00100         MOVWF   STATUS          ;MOVE STATUS_TEMP PARA STATUS
0009   0E8C           00101         SWAPF   W_TEMP,F
000A   0E0C           00102         SWAPF   W_TEMP,W        ;MOVE W_TEMP PARA W
000B   0009           00103         RETFIE
                      00104 
                      00105 ;* * * * * * * * * * * * * * * * * * * * * * * * * * * * * * * * * *
                      00106 ;*                       ROTINAS E SUBROTINAS                      *
                      00107 ;* * * * * * * * * * * * * * * * * * * * * * * * * * * * * * * * * *
                      00108 ; CADA ROTINA OU SUBROTINA DEVE POSSUIR A DESCRIÇÃO DE FUNCIONAMENTO
                      00109 ; E UM NOME COERENTE ÀS SUAS FUNÇÕES.
000C                  00110 MODULO_DHT11
000C   0000           00111         NOP
                      00112         ;CALL   DELAY1SEC                       
                      00113         ;CALL   DELAY1SEC
                      00114 
000D   3004           00115         MOVLW   0x04                    ; contar o tempo 
000E   0091           00116         MOVWF   DHTBYCOUNT
                      00117         
                      00118         
000F   138B           00119         BCF     INTCON, GIE             ; desabilita as interrupções 
                      00120 
Message[302]: Register in operand not in bank 0.  Ensure that bank bits are correct.
0010   1005           00121                 BCF     DHT11_T 
0011   1005           00122                 BCF     DHT11           ;  off por 18ms, ao fim dos 18MS inicia o sinal    
0012   2???           00123                 CALL    DELAY18MS       ; SW = 18.02ms 
0013   1405           00124                 BSF     DHT11           ; liga a porta 
0014   0000           00125                 NOP                     
0015   0000           00126                 NOP                         
                      00127                 
Message[302]: Register in operand not in bank 0.  Ensure that bank bits are correct.
0016   1405           00128                 BSF     DHT11_T         ;transforma em entrada
0017   1005           00129                 BCF     DHT11
                      00130                 
0018   3008           00131                 MOVLW   0x08            ; Delay de 40us - PROCURE RESPOSTA DHT LOW DENTRO DE 40US
0019   008E           00132                 MOVWF   D1              ; SW = 49us
001A                  00133 DHT40   
001A   1C05           00134                 BTFSS   DHT11           ; linha deve ir LOW dentro de 40us      
001B   2???           00135                 GOTO    DHT80L
001C   0B8E           00136                 DECFSZ  D1, F
001D   2???           00137                 GOTO    DHT40
001E   2???           00138                 GOTO    DHTERROR        ; tempo estourado
                      00139                 
                      00140                 
001F                  00141 DHT80L  
001F   2???           00142                 CALL    DELAY40US       ; delay para 40us - DHT HIGH depois 80us
0020   3008           00143                 MOVLW   0x08
0021   008E           00144                 MOVWF   D1              ; SW = 49us   - Verifica
0022                  00145 DHT40L
MPASM 5.77                         DHT11.ASM   4-22-2019  8:42:42         PAGE  4


LOC  OBJECT CODE     LINE SOURCE TEXT
  VALUE

0022   1805           00146                 BTFSC   DHT11           ; ENTÃO TENSTA A SUBIDA high NOS 40us   
0023   2???           00147                 GOTO    DHT80H
0024   0B8E           00148                 decfsz  D1, F
0025   2???           00149                 GOTO    DHT40L
0026   2???           00150                 GOTO    DHTERROR        ; TEMPO ESTOURADO
                      00151                 
0027                  00152 DHT80H
0027   2???           00153                 CALL    DELAY40US       ; delay para 40us - DHT vai para LOW depois 80us
0028   3008           00154                 MOVLW   0x08
0029   008E           00155                 MOVWF   D1              ; SW = 49us verifica subida
002A                  00156 DHT40H  
002A   1C05           00157                 BTFSS   DHT11           ; verifica a descida depois dos 40us, tempo total de 80us       
002B   2???           00158                 GOTO    DHTDATA         ; DTH   primeiro dado 50us LOW detectado (coleta os stream de da
                            dos) 
002C   0B8E           00159                 DECFSZ  D1, F
002D   2???           00160                 GOTO    DHT40H
002E   2???           00161                 GOTO    DHTERROR        ; tempo estourado
                      00162                 
002F                  00163 DHTDATA                                 ; Lopp do Stream de Dados
002F   3008           00164                 MOVLW   0x08            
0030   0090           00165                 MOVWF   DHTBITCOUNT
                      00166                 
0031                  00167 DHTDATA_BYTELOOP
0031   300A           00168                 MOVLW   0x0A            ; Delay de 50us
0032   008E           00169                 MOVWF   D1              ; SW = 62us
                      00170                 
0033                  00171 DHT50H
0033   1805           00172                 BTFSC   DHT11           ; verifica se subiu nos proximo 50us  
0034   2???           00173                 GOTO    DHTDH
0035   0B8E           00174                 DECFSZ  D1, F
0036   2???           00175                 GOTO    DHT50H
0037   2???           00176                 GOTO    DHTERROR        ; tempo estourado
                      00177                 
0038   3006           00178 DHTDH           MOVLW   0x06            ; delay 27US. Houve troca entre a subida e a decida ?           
                                    
0039   008E           00179                 MOVWF   D1              ; SW = 37us                                             
                      00180                                                                                                         
                                            
003A                  00181 DHTDHZ  
003A   1C05           00182                 BTFSS   DHT11           ; Verifica se houve descida nos 30us  
003B   2???           00183                 GOTO    DHTZERO         ; Espera que nos 35us venha zeros 
003C   0B8E           00184                 DECFSZ  D1, F
003D   2???           00185                 GOTO    DHTDHZ
                      00186 
003E   3007           00187                 MOVLW   0x07            ;  Outro delay 40us - Espera que nos 70us venha 1
003F   008E           00188                 MOVWF   D1              ; SW = 43us  tempo total em HIGH  37+43= 80us
                      00189                 
0040                  00190 DHTDH1  
0040   1C05           00191                 BTFSS   DHT11               ;  Verifica se houve descida nos 30us  
0041   2???           00192                 GOTO    DHTONE              ;  DADOS DESEJADOS DENTRO DE 35US ASSIM DEVE SER ZERO
0042   0B8E           00193                 DECFSZ  D1, F
0043   2???           00194                 GOTO    DHTDH1
0044   2???           00195                 GOTO    DHTERROR            ; tempo estourado
MPASM 5.77                         DHT11.ASM   4-22-2019  8:42:42         PAGE  5


LOC  OBJECT CODE     LINE SOURCE TEXT
  VALUE

                      00196 
0045                  00197 DHTZERO
0045   1003           00198                 BCF     STATUS,C            ;  add zero to byte
0046   2???           00199                 GOTO    DHTADDBIT
0047                  00200 DHTONE  
0047   1403           00201                 BSF     STATUS,C            ; add um to byte
0048                  00202 DHTADDBIT
0048   0D92           00203                 RLF     DHTBYTE,F
0049   0390           00204                 DECF    DHTBITCOUNT,F
004A   2???           00205                 GOTO    DHTDATA_BYTELOOP
                      00206 
                      00207 
004B                  00208 DHTERROR        
                      00209 
004B   178B           00210         BSF     INTCON, GIE         ; habilita Global Interrupts
                      00211         
004C   0008           00212         RETURN
                      00213         
                      00214 
004D                  00215 DELAY40US
004D   300B           00216                 MOVLW   0x0b
004E   008E           00217                 MOVWF   D1      
004F                  00218 DLY40US         
004F   0B8E           00219                 DECFSZ  D1, F
0050   2???           00220                 GOTO    DLY40US
0051   0000           00221                 NOP
0052   0008           00222                 RETURN
                      00223 
                      00224 
                      00225 ; Delay = 0.018 seconds
                      00226 ; Clock frequency = 4 MHz
                      00227 
0053                  00228 DELAY18MS
0053   300F           00229         MOVLW   0x0F
0054   008E           00230         MOVWF   D1
0055   300F           00231         MOVLW   0x0F
0056   008F           00232         MOVWF   D2
0057                  00233 DELAY18L
0057   0B8E           00234         DECFSZ  D1, F
0058   2???           00235         GOTO    DLY182
0059   0B8F           00236         DECFSZ  D2, F
005A                  00237 DLY182  
005A   2???           00238         GOTO    DELAY18L
                      00239 
005B   0008           00240         RETURN
                      00241 ;* * * * * * * * * * * * * * * * * * * * * * * * * * * * * * * * * *
                      00242 ;*                     INICIO DO PROGRAMA                          *
                      00243 ;* * * * * * * * * * * * * * * * * * * * * * * * * * * * * * * * * *
                      00244         
005C                  00245 INICIO
005C   1683           00246         BANK1               ;ALTERA PARA O BANCO 1
005D   3003           00247         MOVLW   B'00000011'
Message[302]: Register in operand not in bank 0.  Ensure that bank bits are correct.
MPASM 5.77                         DHT11.ASM   4-22-2019  8:42:42         PAGE  6


LOC  OBJECT CODE     LINE SOURCE TEXT
  VALUE

005E   0085           00248         MOVWF   TRISA       ;DEFINE ENTRADAS E SAÍDAS DA PORTA 
005F   3000           00249         MOVLW   B'00000000'
Message[302]: Register in operand not in bank 0.  Ensure that bank bits are correct.
0060   0086           00250         MOVWF   TRISB       ;DEFINE ENTRADAS E SAÍDAS DA PORTB
0061   3000           00251         MOVLW   B'00000000'
Message[302]: Register in operand not in bank 0.  Ensure that bank bits are correct.
0062   0081           00252         MOVWF   OPTION_REG  ;DEFINE OPÇÕES DE OPERAÇÃO
0063   3000           00253         MOVLW   B'00000000'
0064   008B           00254         MOVWF   INTCON      ;DEFINE OPÇÕES DE INTERRUPÇÕES
0065   1283           00255         BANK0               ;ALTERA PARA O BANCO 0
0066   3007           00256         MOVLW   B'00000111' 
0067   009F           00257         MOVWF   CMCON       ;DEFINE O MODO DE OPERAÇÃO DO COMPARADOR ANALÓGICO
                      00258         
                      00259         
                      00260 ;* * * * * * * * * * * * * * * * * * * * * * * * * * * * * * * * * *
                      00261 ;*                     INICIALIZAÇÃO DAS VARIÁVEIS                 *
                      00262 ;* * * * * * * * * * * * * * * * * * * * * * * * * * * * * * * * * *
                      00263 
                      00264 ;* * * * * * * * * * * * * * * * * * * * * * * * * * * * * * * * * *
                      00265 ;*                     ROTINA PRINCIPAL                            *
                      00266 ;* * * * * * * * * * * * * * * * * * * * * * * * * * * * * * * * * *
0068                  00267 MAIN
                      00268         
                      00269         ;CORPO DA ROTINA PRINCIPAL
                      00270         
0068   2???           00271         GOTO MAIN
                      00272 
                      00273 ;* * * * * * * * * * * * * * * * * * * * * * * * * * * * * * * * * *
                      00274 ;*                     FIM DO PROGRAMA                             *
                      00275 ;* * * * * * * * * * * * * * * * * * * * * * * * * * * * * * * * * *
                      00276 
3F21                  00277         END
MPASM 5.77                         DHT11.ASM   4-22-2019  8:42:42         PAGE  7


SYMBOL TABLE
  LABEL                             VALUE 

ADDEN                             00000003
ADEN                              00000003
BANK0                             BCF STATUS,RP0
BANK1                             BSF STATUS,RP0
BRGH                              00000002
C                                 00000000
C1INV                             00000004
C1OUT                             00000006
C2INV                             00000005
C2OUT                             00000007
CCP1CON                           00000017
CCP1IE                            00000002
CCP1IF                            00000002
CCP1M0                            00000000
CCP1M1                            00000001
CCP1M2                            00000002
CCP1M3                            00000003
CCP1X                             00000005
CCP1Y                             00000004
CCPR1                             00000015
CCPR1H                            00000016
CCPR1L                            00000015
CIS                               00000003
CM0                               00000000
CM1                               00000001
CM2                               00000002
CMCON                             0000001F
CMIE                              00000006
CMIF                              00000006
CREN                              00000004
CSRC                              00000007
D1                                0000000E
D2                                0000000F
DATA_CP_OFF                       00003FFF
DATA_CP_ON                        00003EFF
DC                                00000001
DELAY18L                          00000057
DELAY18MS                         00000053
DELAY40US                         0000004D
DHT11                             PORTA, 0
DHT11_T                           TRISA, 0
DHT40                             0000001A
DHT40H                            0000002A
DHT40L                            00000022
DHT50H                            00000033
DHT80H                            00000027
DHT80L                            0000001F
DHTADDBIT                         00000048
DHTBITCOUNT                       00000010
DHTBYCOUNT                        00000011
DHTBYTE                           00000012
DHTDATA                           0000002F
DHTDATA_BYTELOOP                  00000031
MPASM 5.77                         DHT11.ASM   4-22-2019  8:42:42         PAGE  8


SYMBOL TABLE
  LABEL                             VALUE 

DHTDH                             00000038
DHTDH1                            00000040
DHTDHZ                            0000003A
DHTERROR                          0000004B
DHTONE                            00000047
DHTZERO                           00000045
DLY182                            0000005A
DLY40US                           0000004F
EEADR                             0000009B
EECON1                            0000009C
EECON2                            0000009D
EEDATA                            0000009A
EEIE                              00000007
EEIF                              00000007
F                                 00000001
FERR                              00000002
FSR                               00000004
GIE                               00000007
INDF                              00000000
INICIO                            0000005C
INTCON                            0000000B
INTE                              00000004
INTEDG                            00000006
INTF                              00000001
IRP                               00000007
MAIN                              00000068
MODULO_DHT11                      0000000C
NOT_BO                            00000000
NOT_BOD                           00000000
NOT_BOR                           00000000
NOT_PD                            00000003
NOT_POR                           00000001
NOT_RBPU                          00000007
NOT_T1SYNC                        00000002
NOT_TO                            00000004
OERR                              00000001
OPTION_REG                        00000081
OSCF                              00000003
PCL                               00000002
PCLATH                            0000000A
PCON                              0000008E
PEIE                              00000006
PIE1                              0000008C
PIR1                              0000000C
PORTA                             00000005
PORTB                             00000006
PR2                               00000092
PS0                               00000000
PS1                               00000001
PS2                               00000002
PSA                               00000003
RA0                               00000000
RA1                               00000001
MPASM 5.77                         DHT11.ASM   4-22-2019  8:42:42         PAGE  9


SYMBOL TABLE
  LABEL                             VALUE 

RA2                               00000002
RA3                               00000003
RA4                               00000004
RA5                               00000005
RA6                               00000006
RA7                               00000007
RB0                               00000000
RB1                               00000001
RB2                               00000002
RB3                               00000003
RB4                               00000004
RB5                               00000005
RB6                               00000006
RB7                               00000007
RBIE                              00000003
RBIF                              00000000
RCIE                              00000005
RCIF                              00000005
RCREG                             0000001A
RCSTA                             00000018
RD                                00000000
RP0                               00000005
RP1                               00000006
RX9                               00000006
RX9D                              00000000
SAI_INT                           00000007
SPBRG                             00000099
SPEN                              00000007
SREN                              00000005
STATUS                            00000003
STATUS_TEMP                       0000000D
SYNC                              00000004
T0CS                              00000005
T0IE                              00000005
T0IF                              00000002
T0SE                              00000004
T1CKPS0                           00000004
T1CKPS1                           00000005
T1CON                             00000010
T1OSCEN                           00000003
T2CKPS0                           00000000
T2CKPS1                           00000001
T2CON                             00000012
TMR0                              00000001
TMR0IE                            00000005
TMR0IF                            00000002
TMR1                              0000000E
TMR1CS                            00000001
TMR1H                             0000000F
TMR1IE                            00000000
TMR1IF                            00000000
TMR1L                             0000000E
TMR1ON                            00000000
MPASM 5.77                         DHT11.ASM   4-22-2019  8:42:42         PAGE 10


SYMBOL TABLE
  LABEL                             VALUE 

TMR2                              00000011
TMR2IE                            00000001
TMR2IF                            00000001
TMR2ON                            00000002
TOUTPS0                           00000003
TOUTPS1                           00000004
TOUTPS2                           00000005
TOUTPS3                           00000006
TRISA                             00000085
TRISA0                            00000000
TRISA1                            00000001
TRISA2                            00000002
TRISA3                            00000003
TRISA4                            00000004
TRISA5                            00000005
TRISA6                            00000006
TRISA7                            00000007
TRISB                             00000086
TRISB0                            00000000
TRISB1                            00000001
TRISB2                            00000002
TRISB3                            00000003
TRISB4                            00000004
TRISB5                            00000005
TRISB6                            00000006
TRISB7                            00000007
TRMT                              00000001
TX9                               00000006
TX9D                              00000000
TXEN                              00000005
TXIE                              00000004
TXIF                              00000004
TXREG                             00000019
TXSTA                             00000098
VR0                               00000000
VR1                               00000001
VR2                               00000002
VR3                               00000003
VRCON                             0000009F
VREN                              00000007
VROE                              00000006
VRR                               00000005
W                                 00000000
WR                                00000001
WREN                              00000002
WRERR                             00000003
W_TEMP                            0000000C
Z                                 00000002
_BODEN_OFF                        00003FBF
_BODEN_ON                         00003FFF
_BOREN_OFF                        00003FBF
_BOREN_ON                         00003FFF
_CONFIG                           00002007
MPASM 5.77                         DHT11.ASM   4-22-2019  8:42:42         PAGE 11


SYMBOL TABLE
  LABEL                             VALUE 

_CPD_OFF                          00003FFF
_CPD_ON                           00003EFF
_CP_OFF                           00003FFF
_CP_ON                            00001FFF
_DEVID1                           00002006
_ER_OSC_CLKOUT                    00003FFF
_ER_OSC_NOCLKOUT                  00003FFE
_EXTCLK_OSC                       00003FEF
_FOSC_ECIO                        00003FEF
_FOSC_EXTRCCLK                    00003FFF
_FOSC_EXTRCIO                     00003FFE
_FOSC_HS                          00003FEE
_FOSC_INTOSCCLK                   00003FFD
_FOSC_INTOSCIO                    00003FFC
_FOSC_LP                          00003FEC
_FOSC_XT                          00003FED
_HS_OSC                           00003FEE
_IDLOC0                           00002000
_IDLOC1                           00002001
_IDLOC2                           00002002
_IDLOC3                           00002003
_INTOSC_OSC_CLKOUT                00003FFD
_INTOSC_OSC_NOCLKOUT              00003FFC
_INTRC_OSC_CLKOUT                 00003FFD
_INTRC_OSC_NOCLKOUT               00003FFC
_LP_OSC                           00003FEC
_LVP_OFF                          00003F7F
_LVP_ON                           00003FFF
_MCLRE_OFF                        00003FDF
_MCLRE_ON                         00003FFF
_PWRTE_OFF                        00003FFF
_PWRTE_ON                         00003FF7
_RC_OSC_CLKOUT                    00003FFF
_RC_OSC_NOCLKOUT                  00003FFE
_WDTE_OFF                         00003FFB
_WDTE_ON                          00003FFF
_WDT_OFF                          00003FFB
_WDT_ON                           00003FFF
_XT_OSC                           00003FED
__16F628A                         00000001
__DEBUG                           
__MPLAB_DEBUGGER_SIMULATOR        1

Errors   :     0
Warnings :     2 reported,     0 suppressed
Messages :     5 reported,     0 suppressed

